0 info it worked if it ends with ok
1 verbose cli [ 'C:\\Program Files (x86)\\Microsoft Visual Studio\\2017\\Enterprise\\Web\\External\\Node.exe',
1 verbose cli   'C:\\Program Files (x86)\\Microsoft Visual Studio\\2017\\Enterprise\\Web\\External\\node_modules\\npm\\bin\\npm-cli.js',
1 verbose cli   'install' ]
2 info using npm@3.3.4
3 info using node@v5.4.1
4 silly loadCurrentTree Starting
5 silly install loadCurrentTree
6 silly install readLocalPackageData
7 silly install normalizeTree
8 silly loadCurrentTree Finishing
9 silly loadIdealTree Starting
10 silly install loadIdealTree
11 silly cloneCurrentTree Starting
12 silly install cloneCurrentTreeToIdealTree
13 silly cloneCurrentTree Finishing
14 silly loadShrinkwrap Starting
15 silly install loadShrinkwrap
16 silly loadShrinkwrap Finishing
17 silly loadAllDepsIntoIdealTree Starting
18 silly install loadAllDepsIntoIdealTree
19 silly fetchNamedPackageData graphiql
20 silly mapToRegistry name graphiql
21 silly mapToRegistry using default registry
22 silly mapToRegistry registry https://registry.npmjs.org/
23 silly mapToRegistry uri https://registry.npmjs.org/graphiql
24 silly fetchNamedPackageData graphql
25 silly mapToRegistry name graphql
26 silly mapToRegistry using default registry
27 silly mapToRegistry registry https://registry.npmjs.org/
28 silly mapToRegistry uri https://registry.npmjs.org/graphql
29 silly fetchNamedPackageData isomorphic-fetch
30 silly mapToRegistry name isomorphic-fetch
31 silly mapToRegistry using default registry
32 silly mapToRegistry registry https://registry.npmjs.org/
33 silly mapToRegistry uri https://registry.npmjs.org/isomorphic-fetch
34 silly fetchNamedPackageData react
35 silly mapToRegistry name react
36 silly mapToRegistry using default registry
37 silly mapToRegistry registry https://registry.npmjs.org/
38 silly mapToRegistry uri https://registry.npmjs.org/react
39 silly fetchNamedPackageData react-dom
40 silly mapToRegistry name react-dom
41 silly mapToRegistry using default registry
42 silly mapToRegistry registry https://registry.npmjs.org/
43 silly mapToRegistry uri https://registry.npmjs.org/react-dom
44 verbose request uri https://registry.npmjs.org/graphiql
45 verbose request no auth needed
46 info attempt registry request try #1 at 5:13:41 PM
47 verbose request id 2f44497ed1a6981a
48 http request GET https://registry.npmjs.org/graphiql
49 verbose request uri https://registry.npmjs.org/graphql
50 verbose request no auth needed
51 info attempt registry request try #1 at 5:13:41 PM
52 http request GET https://registry.npmjs.org/graphql
53 verbose request uri https://registry.npmjs.org/isomorphic-fetch
54 verbose request no auth needed
55 info attempt registry request try #1 at 5:13:41 PM
56 http request GET https://registry.npmjs.org/isomorphic-fetch
57 verbose request uri https://registry.npmjs.org/react
58 verbose request no auth needed
59 info attempt registry request try #1 at 5:13:41 PM
60 http request GET https://registry.npmjs.org/react
61 verbose request uri https://registry.npmjs.org/react-dom
62 verbose request no auth needed
63 info attempt registry request try #1 at 5:13:41 PM
64 http request GET https://registry.npmjs.org/react-dom
65 info retry will retry, error on last attempt: Error: connect ETIMEDOUT 151.101.16.162:443
66 info retry will retry, error on last attempt: Error: connect ETIMEDOUT 151.101.16.162:443
67 info retry will retry, error on last attempt: Error: connect ETIMEDOUT 151.101.16.162:443
68 info retry will retry, error on last attempt: Error: connect ETIMEDOUT 151.101.16.162:443
69 info retry will retry, error on last attempt: Error: connect ETIMEDOUT 151.101.16.162:443
70 info attempt registry request try #2 at 5:14:12 PM
71 http request GET https://registry.npmjs.org/react
72 info attempt registry request try #2 at 5:14:12 PM
73 http request GET https://registry.npmjs.org/isomorphic-fetch
74 info attempt registry request try #2 at 5:14:12 PM
75 http request GET https://registry.npmjs.org/graphiql
76 info attempt registry request try #2 at 5:14:12 PM
77 http request GET https://registry.npmjs.org/react-dom
78 info attempt registry request try #2 at 5:14:12 PM
79 http request GET https://registry.npmjs.org/graphql
80 info retry will retry, error on last attempt: Error: connect ETIMEDOUT 151.101.16.162:443
81 info retry will retry, error on last attempt: Error: connect ETIMEDOUT 151.101.16.162:443
82 info retry will retry, error on last attempt: Error: connect ETIMEDOUT 151.101.16.162:443
83 info retry will retry, error on last attempt: Error: connect ETIMEDOUT 151.101.16.162:443
84 info retry will retry, error on last attempt: Error: connect ETIMEDOUT 151.101.16.162:443
85 info attempt registry request try #3 at 5:15:33 PM
86 http request GET https://registry.npmjs.org/isomorphic-fetch
87 info attempt registry request try #3 at 5:15:33 PM
88 http request GET https://registry.npmjs.org/graphql
89 info attempt registry request try #3 at 5:15:33 PM
90 http request GET https://registry.npmjs.org/react
91 info attempt registry request try #3 at 5:15:33 PM
92 http request GET https://registry.npmjs.org/graphiql
93 info attempt registry request try #3 at 5:15:33 PM
94 http request GET https://registry.npmjs.org/react-dom
95 silly fetchPackageMetaData Error: connect ETIMEDOUT 151.101.16.162:443
95 silly fetchPackageMetaData     at Object.exports._errnoException (util.js:856:11)
95 silly fetchPackageMetaData     at exports._exceptionWithHostPort (util.js:879:20)
95 silly fetchPackageMetaData     at TCPConnectWrap.afterConnect [as oncomplete] (net.js:1062:14)
95 silly fetchPackageMetaData  error for graphql@^0.7.0 { [Error: connect ETIMEDOUT 151.101.16.162:443]
95 silly fetchPackageMetaData   code: 'ETIMEDOUT',
95 silly fetchPackageMetaData   errno: 'ETIMEDOUT',
95 silly fetchPackageMetaData   syscall: 'connect',
95 silly fetchPackageMetaData   address: '151.101.16.162',
95 silly fetchPackageMetaData   port: 443 }
96 silly fetchPackageMetaData Error: connect ETIMEDOUT 151.101.16.162:443
96 silly fetchPackageMetaData     at Object.exports._errnoException (util.js:856:11)
96 silly fetchPackageMetaData     at exports._exceptionWithHostPort (util.js:879:20)
96 silly fetchPackageMetaData     at TCPConnectWrap.afterConnect [as oncomplete] (net.js:1062:14)
96 silly fetchPackageMetaData  error for isomorphic-fetch@^2.1.1 { [Error: connect ETIMEDOUT 151.101.16.162:443]
96 silly fetchPackageMetaData   code: 'ETIMEDOUT',
96 silly fetchPackageMetaData   errno: 'ETIMEDOUT',
96 silly fetchPackageMetaData   syscall: 'connect',
96 silly fetchPackageMetaData   address: '151.101.16.162',
96 silly fetchPackageMetaData   port: 443 }
97 silly fetchPackageMetaData Error: connect ETIMEDOUT 151.101.16.162:443
97 silly fetchPackageMetaData     at Object.exports._errnoException (util.js:856:11)
97 silly fetchPackageMetaData     at exports._exceptionWithHostPort (util.js:879:20)
97 silly fetchPackageMetaData     at TCPConnectWrap.afterConnect [as oncomplete] (net.js:1062:14)
97 silly fetchPackageMetaData  error for react-dom@^15.3.1 { [Error: connect ETIMEDOUT 151.101.16.162:443]
97 silly fetchPackageMetaData   code: 'ETIMEDOUT',
97 silly fetchPackageMetaData   errno: 'ETIMEDOUT',
97 silly fetchPackageMetaData   syscall: 'connect',
97 silly fetchPackageMetaData   address: '151.101.16.162',
97 silly fetchPackageMetaData   port: 443 }
98 silly fetchPackageMetaData Error: connect ETIMEDOUT 151.101.16.162:443
98 silly fetchPackageMetaData     at Object.exports._errnoException (util.js:856:11)
98 silly fetchPackageMetaData     at exports._exceptionWithHostPort (util.js:879:20)
98 silly fetchPackageMetaData     at TCPConnectWrap.afterConnect [as oncomplete] (net.js:1062:14)
98 silly fetchPackageMetaData  error for graphiql@^0.7.8 { [Error: connect ETIMEDOUT 151.101.16.162:443]
98 silly fetchPackageMetaData   code: 'ETIMEDOUT',
98 silly fetchPackageMetaData   errno: 'ETIMEDOUT',
98 silly fetchPackageMetaData   syscall: 'connect',
98 silly fetchPackageMetaData   address: '151.101.16.162',
98 silly fetchPackageMetaData   port: 443 }
99 silly fetchPackageMetaData Error: connect ETIMEDOUT 151.101.16.162:443
99 silly fetchPackageMetaData     at Object.exports._errnoException (util.js:856:11)
99 silly fetchPackageMetaData     at exports._exceptionWithHostPort (util.js:879:20)
99 silly fetchPackageMetaData     at TCPConnectWrap.afterConnect [as oncomplete] (net.js:1062:14)
99 silly fetchPackageMetaData  error for react@^15.3.1 { [Error: connect ETIMEDOUT 151.101.16.162:443]
99 silly fetchPackageMetaData   code: 'ETIMEDOUT',
99 silly fetchPackageMetaData   errno: 'ETIMEDOUT',
99 silly fetchPackageMetaData   syscall: 'connect',
99 silly fetchPackageMetaData   address: '151.101.16.162',
99 silly fetchPackageMetaData   port: 443 }
100 silly rollbackFailedOptional Starting
101 silly rollbackFailedOptional Finishing
102 silly runTopLevelLifecycles Starting
103 silly runTopLevelLifecycles Finishing
104 silly install printInstalled
105 verbose stack Error: connect ETIMEDOUT 151.101.16.162:443
105 verbose stack     at Object.exports._errnoException (util.js:856:11)
105 verbose stack     at exports._exceptionWithHostPort (util.js:879:20)
105 verbose stack     at TCPConnectWrap.afterConnect [as oncomplete] (net.js:1062:14)
106 verbose cwd C:\Repos\GraphQLSample\GraphQLSample\StarWars.Api
107 error Windows_NT 10.0.16299
108 error argv "C:\\Program Files (x86)\\Microsoft Visual Studio\\2017\\Enterprise\\Web\\External\\Node.exe" "C:\\Program Files (x86)\\Microsoft Visual Studio\\2017\\Enterprise\\Web\\External\\node_modules\\npm\\bin\\npm-cli.js" "install"
109 error node v5.4.1
110 error npm  v3.3.4
111 error code ETIMEDOUT
112 error errno ETIMEDOUT
113 error syscall connect
114 error network connect ETIMEDOUT 151.101.16.162:443
114 error network This is most likely not a problem with npm itself
114 error network and is related to network connectivity.
114 error network In most cases you are behind a proxy or have bad network settings.
114 error network
114 error network If you are behind a proxy, please make sure that the
114 error network 'proxy' config is set properly.  See: 'npm help config'
115 verbose exit [ 1, true ]
